Arguments: 
  /usr/local/Cellar/node/9.8.0/bin/node /usr/local/Cellar/yarn/1.5.1_1/libexec/bin/yarn.js start

PATH: 
  /Users/jacoblauritzen/Library/Python/3.6/bin:/usr/local/bin:/Library/Frameworks/Python.framework/Versions/3.6/bin:/usr/local/bin:/usr/bin:/bin:/usr/sbin:/sbin:/Users/jacoblauritzen/Library/Python/3.6/bin:/Library/Frameworks/Python.framework/Versions/3.6/bin:/Users/jacoblauritzen/Library/Android/sdk/tools:/Users/jacoblauritzen/Library/Android/sdk/platform-tools:/Users/jacoblauritzen/Library/Android/sdk/tools:/Users/jacoblauritzen/Library/Android/sdk/platform-tools

Yarn version: 
  1.5.1

Node version: 
  9.8.0

Platform: 
  darwin x64

npm manifest: 
  {
    "name": "react-native-app-intro-slider",
    "version": "0.2.4",
    "description": "Simple and configurable app introduction slider for react native",
    "main": "AppIntroSlider.js",
    "repository": {
      "type": "git",
      "url": "git+https://github.com/jacse/react-native-app-intro-slider.git"
    },
    "keywords": [
      "swiper",
      "App",
      "Intro",
      "ios",
      "android",
      "react-component",
      "react-native",
      "slider"
    ],
    "author": "Jacob Lauritzen <jacsebl@hotmail.com>",
    "license": "MIT",
    "bugs": {
      "url": "https://github.com/jacse/react-native-app-intro-slider/issues"
    },
    "homepage": "https://github.com/jacse/react-native-app-intro-slider"
  }

yarn manifest: 
  No manifest

Lockfile: 
  # THIS IS AN AUTOGENERATED FILE. DO NOT EDIT THIS FILE DIRECTLY.
  # yarn lockfile v1

Trace: 
  Error: Command "start" not found.
      at new MessageError (/usr/local/Cellar/yarn/1.5.1_1/libexec/lib/cli.js:186:110)
      at /usr/local/Cellar/yarn/1.5.1_1/libexec/lib/cli.js:87307:17
      at Generator.next (<anonymous>)
      at step (/usr/local/Cellar/yarn/1.5.1_1/libexec/lib/cli.js:98:30)
      at /usr/local/Cellar/yarn/1.5.1_1/libexec/lib/cli.js:116:14
      at new Promise (<anonymous>)
      at new F (/usr/local/Cellar/yarn/1.5.1_1/libexec/lib/cli.js:23451:28)
      at /usr/local/Cellar/yarn/1.5.1_1/libexec/lib/cli.js:95:12
      at runCommand (/usr/local/Cellar/yarn/1.5.1_1/libexec/lib/cli.js:87312:22)
      at Object.<anonymous> (/usr/local/Cellar/yarn/1.5.1_1/libexec/lib/cli.js:87412:14)
